2019-06-16,19:06:1560683420:server.conf 载入成功 ···
2019-06-16,19:06:1560683420:server is already runing ···
2019-06-16,19:06:1560683422:server.conf 载入成功 ···
2019-06-16,19:06:1560683424:server.conf 载入成功 ···
2019-06-16,19:06:1560683424:server is already runing ···
2019-06-16,19:06:1560683425:server.conf 载入成功 ···
2019-06-16,19:06:1560683425:server stop success ···
2019-06-16,19:06:1560683425:server is already stop ···
2019-06-16,19:06:1560683425:server start success ···
2019-06-16,19:06:1560683425:server is already restart ···
2019-06-16,19:06:1560683427:server.conf 载入成功 ···
2019-06-16,19:06:1560683540:server.conf 载入成功 ···
2019-06-16,19:06:1560683540:server is already runing ···
2019-06-16,19:06:1560683543:server.conf 载入成功 ···
2019-06-16,19:06:1560683545:server.conf 载入成功 ···
2019-06-16,19:06:1560683545:server stop success ···
2019-06-16,19:06:1560683545:server is already stop ···
2019-06-16,19:06:1560683545:server start success ···
2019-06-16,19:06:1560683545:server is already restart ···
2019-06-16,19:06:1560683552:server.conf 载入成功 ···
